#
# There is insufficient memory for the Java Runtime Environment to continue.
# Native memory allocation (mmap) failed to map 266338304 bytes for G1 virtual space
# Possible reasons:
#   The system is out of physical RAM or swap space
#   The process is running with CompressedOops enabled, and the Java Heap may be blocking the growth of the native heap
# Possible solutions:
#   Reduce memory load on the system
#   Increase physical memory or swap space
#   Check if swap backing store is full
#   Decrease Java heap size (-Xmx/-Xms)
#   Decrease number of Java threads
#   Decrease Java thread stack sizes (-Xss)
#   Set larger code cache with -XX:ReservedCodeCacheSize=
#   JVM is running with Zero Based Compressed Oops mode in which the Java heap is
#     placed in the first 32GB address space. The Java Heap base address is the
#     maximum limit for the native heap growth. Please use -XX:HeapBaseMinAddress
#     to set the Java Heap base and to place the Java Heap above 32GB virtual address.
# This output file may be truncated or incomplete.
#
#  Out of Memory Error (os_windows.cpp:3469), pid=43020, tid=48992
#
# JRE version:  (17.0.1+12) (build )
# Java VM: Java HotSpot(TM) 64-Bit Server VM (17.0.1+12-LTS-39, mixed mode, sharing, tiered, compressed oops, compressed class ptrs, g1 gc, windows-amd64)
# No core dump will be written. Minidumps are not enabled by default on client versions of Windows
#

---------------  S U M M A R Y ------------

Command Line: -Dmaven.multiModuleProjectDirectory=c:\Users\johns\Desktop\Giligili\gs-spring-boot\complete org.apache.maven.wrapper.MavenWrapperMain -B -N -DgraphFormat=text -DshowDuplicates -DshowConflicts -DshowVersions -DshowGroupIds -DoutputDirectory=c:\Users\johns\AppData\Roaming\Code\User\workspaceStorage\c5afd1e9e46cbf3fe0e7a67ca3023d24\vscjava.vscode-maven -DoutputFileName=edc6058aab775a82d37a7397a1dcea3a.deps.txt com.github.ferstl:depgraph-maven-plugin:4.0.2:graph -f c:\Users\johns\Desktop\Giligili\gs-spring-boot\complete\pom.xml

Host: 11th Gen Intel(R) Core(TM) i7-1165G7 @ 2.80GHz, 8 cores, 15G,  Windows 10 , 64 bit Build 22000 (10.0.22000.708)
Time: Tue Nov 22 16:14:57 2022 India Standard Time elapsed time: 0.035716 seconds (0d 0h 0m 0s)

---------------  T H R E A D  ---------------

Current thread (0x000001c229273070):  JavaThread "Unknown thread" [_thread_in_vm, id=48992, stack(0x0000005cbfe00000,0x0000005cbff00000)]

Stack: [0x0000005cbfe00000,0x0000005cbff00000]
Native frames: (J=compiled Java code, j=interpreted, Vv=VM code, C=native code)
V  [jvm.dll+0x66fa1a]
V  [jvm.dll+0x7ce5a4]
V  [jvm.dll+0x7cfd4e]
V  [jvm.dll+0x7d03b3]
V  [jvm.dll+0x242b05]
V  [jvm.dll+0x66ca39]
V  [jvm.dll+0x661502]
V  [jvm.dll+0x30081b]
V  [jvm.dll+0x307da6]
V  [jvm.dll+0x357a1e]
V  [jvm.dll+0x357c4f]
V  [jvm.dll+0x2d7ad8]
V  [jvm.dll+0x2d8a44]
V  [jvm.dll+0x7a01e1]
V  [jvm.dll+0x365791]
V  [jvm.dll+0x77f6cc]
V  [jvm.dll+0x3e812f]
V  [jvm.dll+0x3e9bd1]
C  [jli.dll+0x527b]
C  [ucrtbase.dll+0x26c0c]
C  [KERNEL32.DLL+0x154e0]
C  [ntdll.dll+0x485b]


---------------  P R O C E S S  ---------------

Threads class SMR info:
_java_thread_list=0x00007ffac7507818, length=0, elements={
}

Java Threads: ( => current thread )

Other Threads:
  0x000001c2292c2cb0 GCTaskThread "GC Thread#0" [stack: 0x0000005cbff00000,0x0000005cc0000000] [id=44120]
  0x000001c2292d39e0 ConcurrentGCThread "G1 Main Marker" [stack: 0x0000005cc0000000,0x0000005cc0100000] [id=38296]
  0x000001c2292d4b90 ConcurrentGCThread "G1 Conc#0" [stack: 0x0000005cc0100000,0x0000005cc0200000] [id=47968]

[error occurred during error reporting (printing all threads), id 0xc0000005, EXCEPTION_ACCESS_VIOLATION (0xc0000005) at pc=0x00007ffac6d584b7]

VM state: not at safepoint (not fully initialized)

VM Mutex/Monitor currently owned by a thread:  ([mutex/lock_event])
[0x000001c22926e1f0] Heap_lock - owner thread: 0x000001c229273070

Heap address: 0x0000000703600000, size: 4042 MB, Compressed Oops mode: Zero based, Oop shift amount: 3

CDS archive(s) mapped at: [0x0000000000000000-0x0000000000000000-0x0000000000000000), size 0, SharedBaseAddress: 0x0000000800000000, ArchiveRelocationMode: 0.
Narrow klass base: 0x0000000000000000, Narrow klass shift: 0, Narrow klass range: 0x0

GC Precious Log:
<Empty>

Heap:
 garbage-first heap   total 0K, used 0K [0x0000000703600000, 0x0000000800000000)
  region size 2048K, 0 young (0K), 0 survivors (0K)

[error occurred during error reporting (printing heap information), id 0xc0000005, EXCEPTION_ACCESS_VIOLATION (0xc0000005) at pc=0x00007ffac7138d89]

GC Heap History (0 events):
No events

Deoptimization events (0 events):
No events

Classes unloaded (0 events):
No events

Classes redefined (0 events):
No events

Internal exceptions (0 events):
No events

VM Operations (0 events):
No events

Events (1 events):
Event: 0.015 Loaded shared library C:\Program Files\Java\jdk-17.0.1\bin\java.dll


Dynamic libraries:
0x00007ff6e4880000 - 0x00007ff6e4890000 	C:\Program Files\Java\jdk-17.0.1\bin\java.exe
0x00007ffafb800000 - 0x00007ffafba09000 	C:\WINDOWS\SYSTEM32\ntdll.dll
0x00007ffaf9b80000 - 0x00007ffaf9c3d000 	C:\WINDOWS\System32\KERNEL32.DLL
0x00007ffaf8d50000 - 0x00007ffaf90cc000 	C:\WINDOWS\System32\KERNELBASE.dll
0x00007ffaf93a0000 - 0x00007ffaf94b1000 	C:\WINDOWS\System32\ucrtbase.dll
0x00007ffac80d0000 - 0x00007ffac80ea000 	C:\Program Files\Java\jdk-17.0.1\bin\VCRUNTIME140.dll
0x00007ffac80f0000 - 0x00007ffac8108000 	C:\Program Files\Java\jdk-17.0.1\bin\jli.dll
0x00007ffaf97d0000 - 0x00007ffaf987e000 	C:\WINDOWS\System32\ADVAPI32.dll
0x00007ffafa8e0000 - 0x00007ffafa983000 	C:\WINDOWS\System32\msvcrt.dll
0x00007ffafa990000 - 0x00007ffafaa2e000 	C:\WINDOWS\System32\sechost.dll
0x00007ffafa7c0000 - 0x00007ffafa8e0000 	C:\WINDOWS\System32\RPCRT4.dll
0x00007ffafb610000 - 0x00007ffafb7bd000 	C:\WINDOWS\System32\USER32.dll
0x00007ffaf94c0000 - 0x00007ffaf94e6000 	C:\WINDOWS\System32\win32u.dll
0x00007ffadc990000 - 0x00007ffadcc35000 	C:\WINDOWS\WinSxS\amd64_microsoft.windows.common-controls_6595b64144ccf1df_6.0.22000.120_none_9d947278b86cc467\COMCTL32.dll
0x00007ffafab50000 - 0x00007ffafab79000 	C:\WINDOWS\System32\GDI32.dll
0x00007ffaf94f0000 - 0x00007ffaf9609000 	C:\WINDOWS\System32\gdi32full.dll
0x00007ffaf90d0000 - 0x00007ffaf916d000 	C:\WINDOWS\System32\msvcp_win.dll
0x00007ffaecc80000 - 0x00007ffaecc8a000 	C:\WINDOWS\SYSTEM32\VERSION.dll
0x00007ffafb5d0000 - 0x00007ffafb601000 	C:\WINDOWS\System32\IMM32.DLL
0x00007ffacc540000 - 0x00007ffacc54c000 	C:\Program Files\Java\jdk-17.0.1\bin\vcruntime140_1.dll
0x00007ffac7e90000 - 0x00007ffac7f1d000 	C:\Program Files\Java\jdk-17.0.1\bin\msvcp140.dll
0x00007ffac6a70000 - 0x00007ffac762e000 	C:\Program Files\Java\jdk-17.0.1\bin\server\jvm.dll
0x00007ffaf9a60000 - 0x00007ffaf9a68000 	C:\WINDOWS\System32\PSAPI.DLL
0x00007ffad9f10000 - 0x00007ffad9f19000 	C:\WINDOWS\SYSTEM32\WSOCK32.dll
0x00007ffaec8d0000 - 0x00007ffaec903000 	C:\WINDOWS\SYSTEM32\WINMM.dll
0x00007ffafaa30000 - 0x00007ffafaa9f000 	C:\WINDOWS\System32\WS2_32.dll
0x00007ffaf7e20000 - 0x00007ffaf7e38000 	C:\WINDOWS\SYSTEM32\kernel.appcore.dll
0x00007ffacc520000 - 0x00007ffacc52a000 	C:\Program Files\Java\jdk-17.0.1\bin\jimage.dll
0x00007ffaf5fc0000 - 0x00007ffaf61e1000 	C:\WINDOWS\SYSTEM32\DBGHELP.DLL
0x00007ffae8200000 - 0x00007ffae8231000 	C:\WINDOWS\SYSTEM32\dbgcore.DLL
0x00007ffaf9610000 - 0x00007ffaf968f000 	C:\WINDOWS\System32\bcryptPrimitives.dll
0x00007ffac8080000 - 0x00007ffac80a5000 	C:\Program Files\Java\jdk-17.0.1\bin\java.dll

dbghelp: loaded successfully - version: 4.0.5 - missing functions: none
symbol engine: initialized successfully - sym options: 0x614 - pdb path: .;C:\Program Files\Java\jdk-17.0.1\bin;C:\WINDOWS\SYSTEM32;C:\WINDOWS\WinSxS\amd64_microsoft.windows.common-controls_6595b64144ccf1df_6.0.22000.120_none_9d947278b86cc467;C:\Program Files\Java\jdk-17.0.1\bin\server

VM Arguments:
jvm_args: -Dmaven.multiModuleProjectDirectory=c:\Users\johns\Desktop\Giligili\gs-spring-boot\complete 
java_command: org.apache.maven.wrapper.MavenWrapperMain -B -N -DgraphFormat=text -DshowDuplicates -DshowConflicts -DshowVersions -DshowGroupIds -DoutputDirectory=c:\Users\johns\AppData\Roaming\Code\User\workspaceStorage\c5afd1e9e46cbf3fe0e7a67ca3023d24\vscjava.vscode-maven -DoutputFileName=edc6058aab775a82d37a7397a1dcea3a.deps.txt com.github.ferstl:depgraph-maven-plugin:4.0.2:graph -f c:\Users\johns\Desktop\Giligili\gs-spring-boot\complete\pom.xml
java_class_path (initial): c:\Users\johns\Desktop\Giligili\gs-spring-boot\complete\.mvn\wrapper\maven-wrapper.jar
Launcher Type: SUN_STANDARD

[Global flags]
     intx CICompilerCount                          = 4                                         {product} {ergonomic}
     uint ConcGCThreads                            = 2                                         {product} {ergonomic}
     uint G1ConcRefinementThreads                  = 8                                         {product} {ergonomic}
   size_t G1HeapRegionSize                         = 2097152                                   {product} {ergonomic}
    uintx GCDrainStackTargetSize                   = 64                                        {product} {ergonomic}
   size_t InitialHeapSize                          = 266338304                                 {product} {ergonomic}
   size_t MarkStackSize                            = 4194304                                   {product} {ergonomic}
   size_t MaxHeapSize                              = 4238344192                                {product} {ergonomic}
   size_t MinHeapDeltaBytes                        = 2097152                                   {product} {ergonomic}
   size_t MinHeapSize                              = 8388608                                   {product} {ergonomic}
    uintx NonNMethodCodeHeapSize                   = 5839372                                {pd product} {ergonomic}
    uintx NonProfiledCodeHeapSize                  = 122909434                              {pd product} {ergonomic}
    uintx ProfiledCodeHeapSize                     = 122909434                              {pd product} {ergonomic}
    uintx ReservedCodeCacheSize                    = 251658240                              {pd product} {ergonomic}
     bool SegmentedCodeCache                       = true                                      {product} {ergonomic}
   size_t SoftMaxHeapSize                          = 4238344192                             {manageable} {ergonomic}
     bool UseCompressedClassPointers               = true                           {product lp64_product} {ergonomic}
     bool UseCompressedOops                        = true                           {product lp64_product} {ergonomic}
     bool UseG1GC                                  = true                                      {product} {ergonomic}
     bool UseLargePagesIndividualAllocation        = false                                  {pd product} {ergonomic}

Logging:
Log output configuration:
 #0: stdout all=warning uptime,level,tags
 #1: stderr all=off uptime,level,tags

Environment Variables:
JAVA_HOME=C:\Program Files\Java\jdk-17.0.1
PATH=C:\Program Files\Common Files\Oracle\Java\javapath;C:\WINDOWS\system32;C:\WINDOWS;C:\WINDOWS\System32\Wbem;C:\WINDOWS\System32\WindowsPowerShell\v1.0\;C:\WINDOWS\System32\OpenSSH\;C:\Program Files\Git\cmd;C:\Program Files\Java\jdk-17.0.1\bin;C:\Program Files (x86)\Microsoft SQL Server\150\DTS\Binn\;C:\Program Files\Microsoft SQL Server\Client SDK\ODBC\170\Tools\Binn\;C:\Program Files (x86)\Microsoft SQL Server\150\Tools\Binn\;C:\Program Files\Microsoft SQL Server\150\Tools\Binn\;C:\Program Files\Microsoft SQL Server\150\DTS\Binn\;C:\Program Files\PuTTY\;C:\ProgramData\chocolatey\bin;C:\Program Files\Java\jdk-17.0.1\bin;C:\Users\johns\AppData\Local\rasjani\WebDriverManager\chrome\105.0.5195.52\chromedriver_win32;C:\Users\johns\AppData\Local\rasjani\WebDriverManager\gecko\v0.31.0\geckodriver-v0.31.0-win64;C:\Program Files\nodejs\;C:\Users\johns\AppData\Local\Microsoft\WindowsApps;C:\Users\johns\AppData\Local\Programs\Microsoft VS Code\bin;C:\Users\johns\Desktop\sqlite-tools-win32-x86-3370000;C:\Program Files\Azure Data Studio\bin;C:\Users\johns\AppData\Local\GitHubDesktop\bin;C:\Program Files\Maven\apache-maven-3.8.6\bin;C:\Program Files (x86)\GnuWin32\bin\;C:\Program Files\Java\jdk-17.0.1\bin;C:\Program Files\Gradle\gradle-7.5.1\bin;C:\Users\johns\AppData\Local\Programs\Python\Python310;C:\Users\johns\AppData\Local\Programs\Python\Python310\Scripts;C:\Users\johns\AppData\Local\rasjani\WebDriverManager\chrome\105.0.5195.52\chromedriver_win32;C:\Users\johns\AppData\Local\rasjani\WebDriverManager\gecko\v0.31.0\geckodriver-v0.31.0-win64;C:\Users\johns\AppData\Roaming\npm;
USERNAME=johns
OS=Windows_NT
PROCESSOR_IDENTIFIER=Intel64 Family 6 Model 140 Stepping 1, GenuineIntel



---------------  S Y S T E M  ---------------

OS:
 Windows 10 , 64 bit Build 22000 (10.0.22000.708)
OS uptime: 0 days 9:09 hours
Hyper-V role detected

CPU: total 8 (initial active 8) (4 cores per cpu, 2 threads per core) family 6 model 140 stepping 1 microcode 0x86, cx8, cmov, fxsr, ht, mmx, 3dnowpref, sse, sse2, sse3, ssse3, sse4.1, sse4.2, popcnt, lzcnt, tsc, tscinvbit, avx, avx2, aes, erms, clmul, bmi1, bmi2, adx, avx512f, avx512dq, avx512cd, avx512bw, avx512vl, sha, fma, vzeroupper, avx512_vpopcntdq, avx512_vpclmulqdq, avx512_vaes, avx512_vnni, clflush, clflushopt, clwb, avx512_vbmi2, avx512_vbmi, hv

Memory: 4k page, system-wide physical 16167M (1070M free)
TotalPageFile size 25027M (AvailPageFile size 106M)
current process WorkingSet (physical memory assigned to process): 10M, peak: 10M
current process commit charge ("private bytes"): 60M, peak: 314M

vm_info: Java HotSpot(TM) 64-Bit Server VM (17.0.1+12-LTS-39) for windows-amd64 JRE (17.0.1+12-LTS-39), built on Sep 27 2021 18:41:35 by "mach5one" with MS VC++ 16.8 (VS2019)

END.
